error: Could not read .foreverignore file.
error: ENOENT: no such file or directory, open '/Users/tqwhite/Documents/webdev/lenny/panagon/projects/inventoryScanner/system/.foreverignore'
Inventory Scanner v2.0 listening on port 1337
error: restarting script because /Users/tqwhite/Documents/webdev/lenny/panagon/projects/inventoryScanner/system/management/bash/startScanners changed
error: Forever detected script was killed by signal: SIGKILL
error: Forever restarting script for 1 time
Inventory Scanner v2.0 listening on port 1337
error: Could not read .foreverignore file.
error: ENOENT: no such file or directory, open '/Users/tqwhite/Documents/webdev/lenny/panagon/projects/inventoryScanner/system/.foreverignore'
Inventory Scanner v2.0 listening on port 1337
error: Could not read .foreverignore file.
error: ENOENT: no such file or directory, open '/Users/tqwhite/Documents/webdev/lenny/panagon/projects/inventoryScanner/system/.foreverignore'
Inventory Scanner v2.0 listening on port 1337
error: restarting script because /Users/tqwhite/Documents/webdev/lenny/panagon/projects/inventoryScanner/system/management/bash/startScanners copy changed
error: Forever detected script was killed by signal: SIGKILL
error: Forever restarting script for 1 time
Inventory Scanner v2.0 listening on port 1337
error: restarting script because /Users/tqwhite/Documents/webdev/lenny/panagon/projects/inventoryScanner/system/management/logs/foreverServer.log changed
error: Forever detected script was killed by signal: SIGKILL
error: Forever restarting script for 1 time
Inventory Scanner v2.0 listening on port 1337
error: restarting script because /Users/tqwhite/Documents/webdev/lenny/panagon/projects/inventoryScanner/system/management/logs/foreverServer.log changed
error: restarting script because /Users/tqwhite/Documents/webdev/lenny/panagon/projects/inventoryScanner/system/management/bash/startScanners copy changed
error: restarting script because /Users/tqwhite/Documents/webdev/lenny/panagon/projects/inventoryScanner/system/management/bash/stopScanners changed
error: Forever detected script was killed by signal: SIGKILL
error: Forever restarting script for 1 time
Inventory Scanner v2.0 listening on port 1337
error: restarting script because /Users/tqwhite/Documents/webdev/lenny/panagon/projects/inventoryScanner/system/management/logs/foreverServer.log changed
error: Forever detected script was killed by signal: SIGKILL
error: Forever restarting script for 1 time
Inventory Scanner v2.0 listening on port 1337
error: restarting script because /Users/tqwhite/Documents/webdev/lenny/panagon/projects/inventoryScanner/system/management/logs/foreverServer.log changed
error: Forever detected script was killed by signal: SIGKILL
error: Forever restarting script for 1 time
Inventory Scanner v2.0 listening on port 1337
error: restarting script because /Users/tqwhite/Documents/webdev/lenny/panagon/projects/inventoryScanner/system/management/logs/foreverServer.log changed
error: Forever detected script was killed by signal: SIGKILL
error: Forever restarting script for 1 time
Inventory Scanner v2.0 listening on port 1337
error: restarting script because /Users/tqwhite/Documents/webdev/lenny/panagon/projects/inventoryScanner/system/management/logs/foreverServer.log changed
error: Forever detected script was killed by signal: SIGKILL
error: Forever restarting script for 1 time
Inventory Scanner v2.0 listening on port 1337
error: restarting script because /Users/tqwhite/Documents/webdev/lenny/panagon/projects/inventoryScanner/system/management/logs/foreverServer.log changed
error: Forever detected script was killed by signal: SIGKILL
error: Forever restarting script for 1 time
Inventory Scanner v2.0 listening on port 1337
error: restarting script because /Users/tqwhite/Documents/webdev/lenny/panagon/projects/inventoryScanner/system/management/logs/foreverServer.log changed
error: Forever detected script was killed by signal: SIGKILL
error: Forever restarting script for 1 time
Inventory Scanner v2.0 listening on port 1337
error: restarting script because /Users/tqwhite/Documents/webdev/lenny/panagon/projects/inventoryScanner/system/management/logs/foreverServer.log changed
error: Forever detected script was killed by signal: SIGKILL
error: Forever restarting script for 1 time
Inventory Scanner v2.0 listening on port 1337
error: restarting script because /Users/tqwhite/Documents/webdev/lenny/panagon/projects/inventoryScanner/system/management/logs/foreverServer.log changed
error: Forever detected script was killed by signal: SIGKILL
error: Forever restarting script for 1 time
Inventory Scanner v2.0 listening on port 1337
error: restarting script because /Users/tqwhite/Documents/webdev/lenny/panagon/projects/inventoryScanner/system/management/logs/foreverServer.log changed
error: Forever detected script was killed by signal: SIGKILL
error: Forever restarting script for 1 time
Inventory Scanner v2.0 listening on port 1337
error: restarting script because /Users/tqwhite/Documents/webdev/lenny/panagon/projects/inventoryScanner/system/management/logs/foreverServer.log changed
error: Forever detected script was killed by signal: SIGKILL
error: Forever restarting script for 1 time
Inventory Scanner v2.0 listening on port 1337
error: restarting script because /Users/tqwhite/Documents/webdev/lenny/panagon/projects/inventoryScanner/system/management/logs/foreverServer.log changed
error: Forever detected script was killed by signal: SIGKILL
error: Forever restarting script for 1 time
Inventory Scanner v2.0 listening on port 1337
error: restarting script because /Users/tqwhite/Documents/webdev/lenny/panagon/projects/inventoryScanner/system/management/logs/foreverServer.log changed
error: Forever detected script was killed by signal: SIGKILL
error: Forever restarting script for 1 time
Inventory Scanner v2.0 listening on port 1337
error: restarting script because /Users/tqwhite/Documents/webdev/lenny/panagon/projects/inventoryScanner/system/management/logs/foreverServer.log changed
error: Forever detected script was killed by signal: SIGKILL
error: Forever restarting script for 1 time
Inventory Scanner v2.0 listening on port 1337
error: restarting script because /Users/tqwhite/Documents/webdev/lenny/panagon/projects/inventoryScanner/system/management/logs/foreverServer.log changed
error: restarting script because /Users/tqwhite/Documents/webdev/lenny/panagon/projects/inventoryScanner/system/management/bash/stopScanners changed
error: Forever detected script was killed by signal: SIGKILL
error: Forever restarting script for 1 time
Inventory Scanner v2.0 listening on port 1337
